INFO - 2023-06-26 01:56:18 --> Session: Class initialized using 'CodeIgniter\Session\Handlers\FileHandler' driver.
INFO - 2023-06-26 01:56:26 --> Session: Class initialized using 'CodeIgniter\Session\Handlers\FileHandler' driver.
INFO - 2023-06-26 01:56:32 --> Session: Class initialized using 'CodeIgniter\Session\Handlers\FileHandler' driver.
INFO - 2023-06-26 01:56:36 --> Session: Class initialized using 'CodeIgniter\Session\Handlers\FileHandler' driver.
INFO - 2023-06-26 01:56:39 --> Session: Class initialized using 'CodeIgniter\Session\Handlers\FileHandler' driver.
INFO - 2023-06-26 01:56:45 --> Session: Class initialized using 'CodeIgniter\Session\Handlers\FileHandler' driver.
INFO - 2023-06-26 01:56:47 --> Session: Class initialized using 'CodeIgniter\Session\Handlers\FileHandler' driver.
INFO - 2023-06-26 01:56:53 --> Session: Class initialized using 'CodeIgniter\Session\Handlers\FileHandler' driver.
INFO - 2023-06-26 01:56:54 --> Session: Class initialized using 'CodeIgniter\Session\Handlers\FileHandler' driver.
INFO - 2023-06-26 01:56:56 --> Session: Class initialized using 'CodeIgniter\Session\Handlers\FileHandler' driver.
INFO - 2023-06-26 01:57:44 --> Session: Class initialized using 'CodeIgniter\Session\Handlers\FileHandler' driver.
INFO - 2023-06-26 01:57:51 --> Session: Class initialized using 'CodeIgniter\Session\Handlers\FileHandler' driver.
INFO - 2023-06-26 01:58:06 --> Session: Class initialized using 'CodeIgniter\Session\Handlers\FileHandler' driver.
INFO - 2023-06-26 01:58:15 --> Session: Class initialized using 'CodeIgniter\Session\Handlers\FileHandler' driver.
INFO - 2023-06-26 01:58:16 --> Session: Class initialized using 'CodeIgniter\Session\Handlers\FileHandler' driver.
INFO - 2023-06-26 01:58:23 --> Session: Class initialized using 'CodeIgniter\Session\Handlers\FileHandler' driver.
INFO - 2023-06-26 01:58:38 --> Session: Class initialized using 'CodeIgniter\Session\Handlers\FileHandler' driver.
INFO - 2023-06-26 01:58:42 --> Session: Class initialized using 'CodeIgniter\Session\Handlers\FileHandler' driver.
INFO - 2023-06-26 01:58:46 --> Session: Class initialized using 'CodeIgniter\Session\Handlers\FileHandler' driver.
INFO - 2023-06-26 01:58:51 --> Session: Class initialized using 'CodeIgniter\Session\Handlers\FileHandler' driver.
INFO - 2023-06-26 01:58:53 --> Session: Class initialized using 'CodeIgniter\Session\Handlers\FileHandler' driver.
INFO - 2023-06-26 02:00:46 --> Session: Class initialized using 'CodeIgniter\Session\Handlers\FileHandler' driver.
INFO - 2023-06-26 13:19:19 --> Session: Class initialized using 'CodeIgniter\Session\Handlers\FileHandler' driver.
INFO - 2023-06-26 13:19:20 --> Session: Class initialized using 'CodeIgniter\Session\Handlers\FileHandler' driver.
INFO - 2023-06-26 13:19:25 --> Session: Class initialized using 'CodeIgniter\Session\Handlers\FileHandler' driver.
INFO - 2023-06-26 13:19:33 --> Session: Class initialized using 'CodeIgniter\Session\Handlers\FileHandler' driver.
INFO - 2023-06-26 13:19:33 --> Session: Class initialized using 'CodeIgniter\Session\Handlers\FileHandler' driver.
INFO - 2023-06-26 13:27:04 --> Session: Class initialized using 'CodeIgniter\Session\Handlers\FileHandler' driver.
INFO - 2023-06-26 13:27:04 --> Session: Class initialized using 'CodeIgniter\Session\Handlers\FileHandler' driver.
INFO - 2023-06-26 13:27:25 --> Session: Class initialized using 'CodeIgniter\Session\Handlers\FileHandler' driver.
INFO - 2023-06-26 13:27:25 --> Session: Class initialized using 'CodeIgniter\Session\Handlers\FileHandler' driver.
INFO - 2023-06-26 13:27:27 --> Session: Class initialized using 'CodeIgniter\Session\Handlers\FileHandler' driver.
INFO - 2023-06-26 13:27:27 --> Session: Class initialized using 'CodeIgniter\Session\Handlers\FileHandler' driver.
INFO - 2023-06-26 13:27:30 --> Session: Class initialized using 'CodeIgniter\Session\Handlers\FileHandler' driver.
INFO - 2023-06-26 13:27:59 --> Session: Class initialized using 'CodeIgniter\Session\Handlers\FileHandler' driver.
INFO - 2023-06-26 13:27:59 --> Session: Class initialized using 'CodeIgniter\Session\Handlers\FileHandler' driver.
INFO - 2023-06-26 13:28:40 --> Session: Class initialized using 'CodeIgniter\Session\Handlers\FileHandler' driver.
INFO - 2023-06-26 13:29:04 --> Session: Class initialized using 'CodeIgniter\Session\Handlers\FileHandler' driver.
INFO - 2023-06-26 13:29:33 --> Session: Class initialized using 'CodeIgniter\Session\Handlers\FileHandler' driver.
INFO - 2023-06-26 13:31:25 --> Session: Class initialized using 'CodeIgniter\Session\Handlers\FileHandler' driver.
INFO - 2023-06-26 13:31:37 --> Session: Class initialized using 'CodeIgniter\Session\Handlers\FileHandler' driver.
INFO - 2023-06-26 13:33:59 --> Session: Class initialized using 'CodeIgniter\Session\Handlers\FileHandler' driver.
INFO - 2023-06-26 13:34:06 --> Session: Class initialized using 'CodeIgniter\Session\Handlers\FileHandler' driver.
INFO - 2023-06-26 13:34:37 --> Session: Class initialized using 'CodeIgniter\Session\Handlers\FileHandler' driver.
INFO - 2023-06-26 13:42:59 --> Session: Class initialized using 'CodeIgniter\Session\Handlers\FileHandler' driver.
INFO - 2023-06-26 13:43:00 --> Session: Class initialized using 'CodeIgniter\Session\Handlers\FileHandler' driver.
INFO - 2023-06-26 13:43:13 --> Session: Class initialized using 'CodeIgniter\Session\Handlers\FileHandler' driver.
INFO - 2023-06-26 13:43:13 --> Session: Class initialized using 'CodeIgniter\Session\Handlers\FileHandler' driver.
INFO - 2023-06-26 13:44:13 --> Session: Class initialized using 'CodeIgniter\Session\Handlers\FileHandler' driver.
INFO - 2023-06-26 13:44:14 --> Session: Class initialized using 'CodeIgniter\Session\Handlers\FileHandler' driver.
INFO - 2023-06-26 13:44:36 --> Session: Class initialized using 'CodeIgniter\Session\Handlers\FileHandler' driver.
INFO - 2023-06-26 13:44:37 --> Session: Class initialized using 'CodeIgniter\Session\Handlers\FileHandler' driver.
INFO - 2023-06-26 13:45:05 --> Session: Class initialized using 'CodeIgniter\Session\Handlers\FileHandler' driver.
INFO - 2023-06-26 13:45:06 --> Session: Class initialized using 'CodeIgniter\Session\Handlers\FileHandler' driver.
INFO - 2023-06-26 13:45:32 --> Session: Class initialized using 'CodeIgniter\Session\Handlers\FileHandler' driver.
INFO - 2023-06-26 13:45:32 --> Session: Class initialized using 'CodeIgniter\Session\Handlers\FileHandler' driver.
INFO - 2023-06-26 13:47:24 --> Session: Class initialized using 'CodeIgniter\Session\Handlers\FileHandler' driver.
INFO - 2023-06-26 13:47:37 --> Session: Class initialized using 'CodeIgniter\Session\Handlers\FileHandler' driver.
INFO - 2023-06-26 13:47:37 --> Session: Class initialized using 'CodeIgniter\Session\Handlers\FileHandler' driver.
INFO - 2023-06-26 13:47:53 --> Session: Class initialized using 'CodeIgniter\Session\Handlers\FileHandler' driver.
INFO - 2023-06-26 13:47:53 --> Session: Class initialized using 'CodeIgniter\Session\Handlers\FileHandler' driver.
INFO - 2023-06-26 13:51:08 --> Session: Class initialized using 'CodeIgniter\Session\Handlers\FileHandler' driver.
INFO - 2023-06-26 13:51:18 --> Session: Class initialized using 'CodeIgniter\Session\Handlers\FileHandler' driver.
INFO - 2023-06-26 13:51:18 --> Session: Class initialized using 'CodeIgniter\Session\Handlers\FileHandler' driver.
INFO - 2023-06-26 13:51:45 --> Session: Class initialized using 'CodeIgniter\Session\Handlers\FileHandler' driver.
INFO - 2023-06-26 13:52:01 --> Session: Class initialized using 'CodeIgniter\Session\Handlers\FileHandler' driver.
INFO - 2023-06-26 13:52:30 --> Session: Class initialized using 'CodeIgniter\Session\Handlers\FileHandler' driver.
INFO - 2023-06-26 13:52:45 --> Session: Class initialized using 'CodeIgniter\Session\Handlers\FileHandler' driver.
INFO - 2023-06-26 13:53:00 --> Session: Class initialized using 'CodeIgniter\Session\Handlers\FileHandler' driver.
INFO - 2023-06-26 13:53:08 --> Session: Class initialized using 'CodeIgniter\Session\Handlers\FileHandler' driver.
INFO - 2023-06-26 13:53:16 --> Session: Class initialized using 'CodeIgniter\Session\Handlers\FileHandler' driver.
INFO - 2023-06-26 13:53:43 --> Session: Class initialized using 'CodeIgniter\Session\Handlers\FileHandler' driver.
INFO - 2023-06-26 13:53:48 --> Session: Class initialized using 'CodeIgniter\Session\Handlers\FileHandler' driver.
INFO - 2023-06-26 13:53:51 --> Session: Class initialized using 'CodeIgniter\Session\Handlers\FileHandler' driver.
INFO - 2023-06-26 13:54:05 --> Session: Class initialized using 'CodeIgniter\Session\Handlers\FileHandler' driver.
INFO - 2023-06-26 13:55:04 --> Session: Class initialized using 'CodeIgniter\Session\Handlers\FileHandler' driver.
INFO - 2023-06-26 13:55:30 --> Session: Class initialized using 'CodeIgniter\Session\Handlers\FileHandler' driver.
INFO - 2023-06-26 13:55:48 --> Session: Class initialized using 'CodeIgniter\Session\Handlers\FileHandler' driver.
INFO - 2023-06-26 13:56:15 --> Session: Class initialized using 'CodeIgniter\Session\Handlers\FileHandler' driver.
INFO - 2023-06-26 13:56:32 --> Session: Class initialized using 'CodeIgniter\Session\Handlers\FileHandler' driver.
INFO - 2023-06-26 13:58:11 --> Session: Class initialized using 'CodeIgniter\Session\Handlers\FileHandler' driver.
INFO - 2023-06-26 13:58:33 --> Session: Class initialized using 'CodeIgniter\Session\Handlers\FileHandler' driver.
INFO - 2023-06-26 13:59:14 --> Session: Class initialized using 'CodeIgniter\Session\Handlers\FileHandler' driver.
INFO - 2023-06-26 13:59:57 --> Session: Class initialized using 'CodeIgniter\Session\Handlers\FileHandler' driver.
INFO - 2023-06-26 14:00:14 --> Session: Class initialized using 'CodeIgniter\Session\Handlers\FileHandler' driver.
INFO - 2023-06-26 14:00:29 --> Session: Class initialized using 'CodeIgniter\Session\Handlers\FileHandler' driver.
INFO - 2023-06-26 14:00:39 --> Session: Class initialized using 'CodeIgniter\Session\Handlers\FileHandler' driver.
INFO - 2023-06-26 14:00:44 --> Session: Class initialized using 'CodeIgniter\Session\Handlers\FileHandler' driver.
INFO - 2023-06-26 14:01:03 --> Session: Class initialized using 'CodeIgniter\Session\Handlers\FileHandler' driver.
INFO - 2023-06-26 14:01:11 --> Session: Class initialized using 'CodeIgniter\Session\Handlers\FileHandler' driver.
INFO - 2023-06-26 14:01:15 --> Session: Class initialized using 'CodeIgniter\Session\Handlers\FileHandler' driver.
INFO - 2023-06-26 14:01:37 --> Session: Class initialized using 'CodeIgniter\Session\Handlers\FileHandler' driver.
INFO - 2023-06-26 14:01:46 --> Session: Class initialized using 'CodeIgniter\Session\Handlers\FileHandler' driver.
INFO - 2023-06-26 14:02:03 --> Session: Class initialized using 'CodeIgniter\Session\Handlers\FileHandler' driver.
INFO - 2023-06-26 14:02:34 --> Session: Class initialized using 'CodeIgniter\Session\Handlers\FileHandler' driver.
INFO - 2023-06-26 14:04:19 --> Session: Class initialized using 'CodeIgniter\Session\Handlers\FileHandler' driver.
INFO - 2023-06-26 14:04:27 --> Session: Class initialized using 'CodeIgniter\Session\Handlers\FileHandler' driver.
INFO - 2023-06-26 14:04:45 --> Session: Class initialized using 'CodeIgniter\Session\Handlers\FileHandler' driver.
INFO - 2023-06-26 14:04:47 --> Session: Class initialized using 'CodeIgniter\Session\Handlers\FileHandler' driver.
INFO - 2023-06-26 14:05:32 --> Session: Class initialized using 'CodeIgniter\Session\Handlers\FileHandler' driver.
INFO - 2023-06-26 14:06:48 --> Session: Class initialized using 'CodeIgniter\Session\Handlers\FileHandler' driver.
INFO - 2023-06-26 14:06:55 --> Session: Class initialized using 'CodeIgniter\Session\Handlers\FileHandler' driver.
INFO - 2023-06-26 14:07:07 --> Session: Class initialized using 'CodeIgniter\Session\Handlers\FileHandler' driver.
INFO - 2023-06-26 14:07:16 --> Session: Class initialized using 'CodeIgniter\Session\Handlers\FileHandler' driver.
INFO - 2023-06-26 14:07:42 --> Session: Class initialized using 'CodeIgniter\Session\Handlers\FileHandler' driver.
INFO - 2023-06-26 14:08:00 --> Session: Class initialized using 'CodeIgniter\Session\Handlers\FileHandler' driver.
INFO - 2023-06-26 14:08:08 --> Session: Class initialized using 'CodeIgniter\Session\Handlers\FileHandler' driver.
INFO - 2023-06-26 14:08:19 --> Session: Class initialized using 'CodeIgniter\Session\Handlers\FileHandler' driver.
INFO - 2023-06-26 14:08:27 --> Session: Class initialized using 'CodeIgniter\Session\Handlers\FileHandler' driver.
INFO - 2023-06-26 14:08:34 --> Session: Class initialized using 'CodeIgniter\Session\Handlers\FileHandler' driver.
INFO - 2023-06-26 14:08:42 --> Session: Class initialized using 'CodeIgniter\Session\Handlers\FileHandler' driver.
INFO - 2023-06-26 14:08:50 --> Session: Class initialized using 'CodeIgniter\Session\Handlers\FileHandler' driver.
INFO - 2023-06-26 14:08:58 --> Session: Class initialized using 'CodeIgniter\Session\Handlers\FileHandler' driver.
INFO - 2023-06-26 14:09:10 --> Session: Class initialized using 'CodeIgniter\Session\Handlers\FileHandler' driver.
INFO - 2023-06-26 14:09:49 --> Session: Class initialized using 'CodeIgniter\Session\Handlers\FileHandler' driver.
INFO - 2023-06-26 14:10:02 --> Session: Class initialized using 'CodeIgniter\Session\Handlers\FileHandler' driver.
INFO - 2023-06-26 14:10:20 --> Session: Class initialized using 'CodeIgniter\Session\Handlers\FileHandler' driver.
INFO - 2023-06-26 14:14:23 --> Session: Class initialized using 'CodeIgniter\Session\Handlers\FileHandler' driver.
INFO - 2023-06-26 14:14:57 --> Session: Class initialized using 'CodeIgniter\Session\Handlers\FileHandler' driver.
INFO - 2023-06-26 14:15:18 --> Session: Class initialized using 'CodeIgniter\Session\Handlers\FileHandler' driver.
INFO - 2023-06-26 14:15:21 --> Session: Class initialized using 'CodeIgniter\Session\Handlers\FileHandler' driver.
INFO - 2023-06-26 14:15:32 --> Session: Class initialized using 'CodeIgniter\Session\Handlers\FileHandler' driver.
INFO - 2023-06-26 14:15:33 --> Session: Class initialized using 'CodeIgniter\Session\Handlers\FileHandler' driver.
INFO - 2023-06-26 14:16:11 --> Session: Class initialized using 'CodeIgniter\Session\Handlers\FileHandler' driver.
INFO - 2023-06-26 14:16:26 --> Session: Class initialized using 'CodeIgniter\Session\Handlers\FileHandler' driver.
INFO - 2023-06-26 14:16:27 --> Session: Class initialized using 'CodeIgniter\Session\Handlers\FileHandler' driver.
INFO - 2023-06-26 14:18:42 --> Session: Class initialized using 'CodeIgniter\Session\Handlers\FileHandler' driver.
INFO - 2023-06-26 14:18:45 --> Session: Class initialized using 'CodeIgniter\Session\Handlers\FileHandler' driver.
INFO - 2023-06-26 14:18:57 --> Session: Class initialized using 'CodeIgniter\Session\Handlers\FileHandler' driver.
INFO - 2023-06-26 14:19:03 --> Session: Class initialized using 'CodeIgniter\Session\Handlers\FileHandler' driver.
INFO - 2023-06-26 14:19:03 --> Session: Class initialized using 'CodeIgniter\Session\Handlers\FileHandler' driver.
INFO - 2023-06-26 14:19:10 --> Session: Class initialized using 'CodeIgniter\Session\Handlers\FileHandler' driver.
INFO - 2023-06-26 14:20:07 --> Session: Class initialized using 'CodeIgniter\Session\Handlers\FileHandler' driver.
INFO - 2023-06-26 14:20:07 --> Session: Class initialized using 'CodeIgniter\Session\Handlers\FileHandler' driver.
INFO - 2023-06-26 14:20:11 --> Session: Class initialized using 'CodeIgniter\Session\Handlers\FileHandler' driver.
INFO - 2023-06-26 14:22:26 --> Session: Class initialized using 'CodeIgniter\Session\Handlers\FileHandler' driver.
INFO - 2023-06-26 14:22:28 --> Session: Class initialized using 'CodeIgniter\Session\Handlers\FileHandler' driver.
INFO - 2023-06-26 14:22:31 --> Session: Class initialized using 'CodeIgniter\Session\Handlers\FileHandler' driver.
INFO - 2023-06-26 14:22:32 --> Session: Class initialized using 'CodeIgniter\Session\Handlers\FileHandler' driver.
INFO - 2023-06-26 14:22:33 --> Session: Class initialized using 'CodeIgniter\Session\Handlers\FileHandler' driver.
INFO - 2023-06-26 14:22:37 --> Session: Class initialized using 'CodeIgniter\Session\Handlers\FileHandler' driver.
INFO - 2023-06-26 14:25:21 --> Session: Class initialized using 'CodeIgniter\Session\Handlers\FileHandler' driver.
INFO - 2023-06-26 14:25:25 --> Session: Class initialized using 'CodeIgniter\Session\Handlers\FileHandler' driver.
INFO - 2023-06-26 14:25:52 --> Session: Class initialized using 'CodeIgniter\Session\Handlers\FileHandler' driver.
INFO - 2023-06-26 14:27:13 --> Session: Class initialized using 'CodeIgniter\Session\Handlers\FileHandler' driver.
INFO - 2023-06-26 14:30:14 --> Session: Class initialized using 'CodeIgniter\Session\Handlers\FileHandler' driver.
INFO - 2023-06-26 14:30:30 --> Session: Class initialized using 'CodeIgniter\Session\Handlers\FileHandler' driver.
CRITICAL - 2023-06-26 14:30:30 --> Undefined variable $tipos
in APPPATH\Views\back\reservas\crearReserva_view.php on line 22.
 1 APPPATH\Views\back\reservas\crearReserva_view.php(22): CodeIgniter\Debug\Exceptions->errorHandler(2, 'Undefined variable $tipos', 'C:\\xampp\\htdocs\\proyecto_friasjavier\\app\\Views\\back\\reservas\\crearReserva_view.php', 22)
 2 SYSTEMPATH\View\View.php(213): include('C:\\xampp\\htdocs\\proyecto_friasjavier\\app\\Views\\back\\reservas\\crearReserva_view.php')
 3 SYSTEMPATH\View\View.php(216): CodeIgniter\View\View->CodeIgniter\View\{closure}()
 4 SYSTEMPATH\Common.php(1184): CodeIgniter\View\View->render('back/reservas/crearReserva_view', [], true)
 5 APPPATH\Controllers\Reservas_controller.php(65): view('back/reservas/crearReserva_view', [...])
 6 SYSTEMPATH\CodeIgniter.php(934): App\Controllers\Reservas_controller->store()
 7 SYSTEMPATH\CodeIgniter.php(499): CodeIgniter\CodeIgniter->runController(Object(App\Controllers\Reservas_controller))
 8 SYSTEMPATH\CodeIgniter.php(368): CodeIgniter\CodeIgniter->handleRequest(null, Object(Config\Cache), false)
 9 FCPATH\index.php(67): CodeIgniter\CodeIgniter->run()
INFO - 2023-06-26 14:30:40 --> Session: Class initialized using 'CodeIgniter\Session\Handlers\FileHandler' driver.
INFO - 2023-06-26 14:31:05 --> Session: Class initialized using 'CodeIgniter\Session\Handlers\FileHandler' driver.
CRITICAL - 2023-06-26 14:31:05 --> Undefined variable $tipos
in APPPATH\Views\back\reservas\crearReserva_view.php on line 22.
 1 APPPATH\Views\back\reservas\crearReserva_view.php(22): CodeIgniter\Debug\Exceptions->errorHandler(2, 'Undefined variable $tipos', 'C:\\xampp\\htdocs\\proyecto_friasjavier\\app\\Views\\back\\reservas\\crearReserva_view.php', 22)
 2 SYSTEMPATH\View\View.php(213): include('C:\\xampp\\htdocs\\proyecto_friasjavier\\app\\Views\\back\\reservas\\crearReserva_view.php')
 3 SYSTEMPATH\View\View.php(216): CodeIgniter\View\View->CodeIgniter\View\{closure}()
 4 SYSTEMPATH\Common.php(1184): CodeIgniter\View\View->render('back/reservas/crearReserva_view', [], true)
 5 APPPATH\Controllers\Reservas_controller.php(65): view('back/reservas/crearReserva_view', [...])
 6 SYSTEMPATH\CodeIgniter.php(934): App\Controllers\Reservas_controller->store()
 7 SYSTEMPATH\CodeIgniter.php(499): CodeIgniter\CodeIgniter->runController(Object(App\Controllers\Reservas_controller))
 8 SYSTEMPATH\CodeIgniter.php(368): CodeIgniter\CodeIgniter->handleRequest(null, Object(Config\Cache), false)
 9 FCPATH\index.php(67): CodeIgniter\CodeIgniter->run()
INFO - 2023-06-26 14:31:08 --> Session: Class initialized using 'CodeIgniter\Session\Handlers\FileHandler' driver.
INFO - 2023-06-26 14:31:35 --> Session: Class initialized using 'CodeIgniter\Session\Handlers\FileHandler' driver.
INFO - 2023-06-26 14:31:38 --> Session: Class initialized using 'CodeIgniter\Session\Handlers\FileHandler' driver.
INFO - 2023-06-26 14:32:07 --> Session: Class initialized using 'CodeIgniter\Session\Handlers\FileHandler' driver.
CRITICAL - 2023-06-26 14:32:07 --> Undefined variable $tipos
in APPPATH\Views\back\reservas\crearReserva_view.php on line 22.
 1 APPPATH\Views\back\reservas\crearReserva_view.php(22): CodeIgniter\Debug\Exceptions->errorHandler(2, 'Undefined variable $tipos', 'C:\\xampp\\htdocs\\proyecto_friasjavier\\app\\Views\\back\\reservas\\crearReserva_view.php', 22)
 2 SYSTEMPATH\View\View.php(213): include('C:\\xampp\\htdocs\\proyecto_friasjavier\\app\\Views\\back\\reservas\\crearReserva_view.php')
 3 SYSTEMPATH\View\View.php(216): CodeIgniter\View\View->CodeIgniter\View\{closure}()
 4 SYSTEMPATH\Common.php(1184): CodeIgniter\View\View->render('back/reservas/crearReserva_view', [], true)
 5 APPPATH\Controllers\Reservas_controller.php(65): view('back/reservas/crearReserva_view', [...])
 6 SYSTEMPATH\CodeIgniter.php(934): App\Controllers\Reservas_controller->store()
 7 SYSTEMPATH\CodeIgniter.php(499): CodeIgniter\CodeIgniter->runController(Object(App\Controllers\Reservas_controller))
 8 SYSTEMPATH\CodeIgniter.php(368): CodeIgniter\CodeIgniter->handleRequest(null, Object(Config\Cache), false)
 9 FCPATH\index.php(67): CodeIgniter\CodeIgniter->run()
INFO - 2023-06-26 14:32:10 --> Session: Class initialized using 'CodeIgniter\Session\Handlers\FileHandler' driver.
INFO - 2023-06-26 14:33:32 --> Session: Class initialized using 'CodeIgniter\Session\Handlers\FileHandler' driver.
CRITICAL - 2023-06-26 14:33:32 --> Undefined variable $tipos
in APPPATH\Views\back\reservas\crearReserva_view.php on line 22.
 1 APPPATH\Views\back\reservas\crearReserva_view.php(22): CodeIgniter\Debug\Exceptions->errorHandler(2, 'Undefined variable $tipos', 'C:\\xampp\\htdocs\\proyecto_friasjavier\\app\\Views\\back\\reservas\\crearReserva_view.php', 22)
 2 SYSTEMPATH\View\View.php(213): include('C:\\xampp\\htdocs\\proyecto_friasjavier\\app\\Views\\back\\reservas\\crearReserva_view.php')
 3 SYSTEMPATH\View\View.php(216): CodeIgniter\View\View->CodeIgniter\View\{closure}()
 4 SYSTEMPATH\Common.php(1184): CodeIgniter\View\View->render('back/reservas/crearReserva_view', [], true)
 5 APPPATH\Controllers\Reservas_controller.php(66): view('back/reservas/crearReserva_view', [...])
 6 SYSTEMPATH\CodeIgniter.php(934): App\Controllers\Reservas_controller->store()
 7 SYSTEMPATH\CodeIgniter.php(499): CodeIgniter\CodeIgniter->runController(Object(App\Controllers\Reservas_controller))
 8 SYSTEMPATH\CodeIgniter.php(368): CodeIgniter\CodeIgniter->handleRequest(null, Object(Config\Cache), false)
 9 FCPATH\index.php(67): CodeIgniter\CodeIgniter->run()
INFO - 2023-06-26 14:33:39 --> Session: Class initialized using 'CodeIgniter\Session\Handlers\FileHandler' driver.
CRITICAL - 2023-06-26 14:39:49 --> "number" is not a valid rule.
in SYSTEMPATH\Validation\Validation.php on line 320.
 1 SYSTEMPATH\Validation\Validation.php(320): CodeIgniter\Validation\Exceptions\ValidationException::forRuleNotFound('number')
 2 SYSTEMPATH\Validation\Validation.php(170): CodeIgniter\Validation\Validation->processRules('precio', 'precio', 'a', [...], [...])
 3 SYSTEMPATH\Controller.php(140): CodeIgniter\Validation\Validation->run()
 4 APPPATH\Controllers\Reservas_controller.php(49): CodeIgniter\Controller->validate([...])
 5 SYSTEMPATH\CodeIgniter.php(934): App\Controllers\Reservas_controller->store()
 6 SYSTEMPATH\CodeIgniter.php(499): CodeIgniter\CodeIgniter->runController(Object(App\Controllers\Reservas_controller))
 7 SYSTEMPATH\CodeIgniter.php(368): CodeIgniter\CodeIgniter->handleRequest(null, Object(Config\Cache), false)
 8 FCPATH\index.php(67): CodeIgniter\CodeIgniter->run()
INFO - 2023-06-26 14:39:54 --> Session: Class initialized using 'CodeIgniter\Session\Handlers\FileHandler' driver.
INFO - 2023-06-26 14:46:00 --> Session: Class initialized using 'CodeIgniter\Session\Handlers\FileHandler' driver.
INFO - 2023-06-26 14:48:26 --> Session: Class initialized using 'CodeIgniter\Session\Handlers\FileHandler' driver.
INFO - 2023-06-26 14:49:41 --> Session: Class initialized using 'CodeIgniter\Session\Handlers\FileHandler' driver.
CRITICAL - 2023-06-26 14:49:41 --> Undefined variable $tipos
in APPPATH\Views\back\reservas\crearReserva_view.php on line 22.
 1 APPPATH\Views\back\reservas\crearReserva_view.php(22): CodeIgniter\Debug\Exceptions->errorHandler(2, 'Undefined variable $tipos', 'C:\\xampp\\htdocs\\proyecto_friasjavier\\app\\Views\\back\\reservas\\crearReserva_view.php', 22)
 2 SYSTEMPATH\View\View.php(213): include('C:\\xampp\\htdocs\\proyecto_friasjavier\\app\\Views\\back\\reservas\\crearReserva_view.php')
 3 SYSTEMPATH\View\View.php(216): CodeIgniter\View\View->CodeIgniter\View\{closure}()
 4 SYSTEMPATH\Common.php(1184): CodeIgniter\View\View->render('back/reservas/crearReserva_view', [], true)
 5 APPPATH\Controllers\Reservas_controller.php(66): view('back/reservas/crearReserva_view', [...])
 6 SYSTEMPATH\CodeIgniter.php(934): App\Controllers\Reservas_controller->store()
 7 SYSTEMPATH\CodeIgniter.php(499): CodeIgniter\CodeIgniter->runController(Object(App\Controllers\Reservas_controller))
 8 SYSTEMPATH\CodeIgniter.php(368): CodeIgniter\CodeIgniter->handleRequest(null, Object(Config\Cache), false)
 9 FCPATH\index.php(67): CodeIgniter\CodeIgniter->run()
INFO - 2023-06-26 14:49:58 --> Session: Class initialized using 'CodeIgniter\Session\Handlers\FileHandler' driver.
INFO - 2023-06-26 14:51:24 --> Session: Class initialized using 'CodeIgniter\Session\Handlers\FileHandler' driver.
INFO - 2023-06-26 14:51:55 --> Session: Class initialized using 'CodeIgniter\Session\Handlers\FileHandler' driver.
CRITICAL - 2023-06-26 14:51:55 --> Undefined variable $tipos
in APPPATH\Views\back\reservas\crearReserva_view.php on line 22.
 1 APPPATH\Views\back\reservas\crearReserva_view.php(22): CodeIgniter\Debug\Exceptions->errorHandler(2, 'Undefined variable $tipos', 'C:\\xampp\\htdocs\\proyecto_friasjavier\\app\\Views\\back\\reservas\\crearReserva_view.php', 22)
 2 SYSTEMPATH\View\View.php(213): include('C:\\xampp\\htdocs\\proyecto_friasjavier\\app\\Views\\back\\reservas\\crearReserva_view.php')
 3 SYSTEMPATH\View\View.php(216): CodeIgniter\View\View->CodeIgniter\View\{closure}()
 4 SYSTEMPATH\Common.php(1184): CodeIgniter\View\View->render('back/reservas/crearReserva_view', [], true)
 5 APPPATH\Controllers\Reservas_controller.php(65): view('back/reservas/crearReserva_view', [...])
 6 SYSTEMPATH\CodeIgniter.php(934): App\Controllers\Reservas_controller->store()
 7 SYSTEMPATH\CodeIgniter.php(499): CodeIgniter\CodeIgniter->runController(Object(App\Controllers\Reservas_controller))
 8 SYSTEMPATH\CodeIgniter.php(368): CodeIgniter\CodeIgniter->handleRequest(null, Object(Config\Cache), false)
 9 FCPATH\index.php(67): CodeIgniter\CodeIgniter->run()
INFO - 2023-06-26 14:51:57 --> Session: Class initialized using 'CodeIgniter\Session\Handlers\FileHandler' driver.
INFO - 2023-06-26 14:52:02 --> Session: Class initialized using 'CodeIgniter\Session\Handlers\FileHandler' driver.
CRITICAL - 2023-06-26 14:52:02 --> Undefined variable $tipos
in APPPATH\Views\back\reservas\crearReserva_view.php on line 22.
 1 APPPATH\Views\back\reservas\crearReserva_view.php(22): CodeIgniter\Debug\Exceptions->errorHandler(2, 'Undefined variable $tipos', 'C:\\xampp\\htdocs\\proyecto_friasjavier\\app\\Views\\back\\reservas\\crearReserva_view.php', 22)
 2 SYSTEMPATH\View\View.php(213): include('C:\\xampp\\htdocs\\proyecto_friasjavier\\app\\Views\\back\\reservas\\crearReserva_view.php')
 3 SYSTEMPATH\View\View.php(216): CodeIgniter\View\View->CodeIgniter\View\{closure}()
 4 SYSTEMPATH\Common.php(1184): CodeIgniter\View\View->render('back/reservas/crearReserva_view', [], true)
 5 APPPATH\Controllers\Reservas_controller.php(65): view('back/reservas/crearReserva_view', [...])
 6 SYSTEMPATH\CodeIgniter.php(934): App\Controllers\Reservas_controller->store()
 7 SYSTEMPATH\CodeIgniter.php(499): CodeIgniter\CodeIgniter->runController(Object(App\Controllers\Reservas_controller))
 8 SYSTEMPATH\CodeIgniter.php(368): CodeIgniter\CodeIgniter->handleRequest(null, Object(Config\Cache), false)
 9 FCPATH\index.php(67): CodeIgniter\CodeIgniter->run()
INFO - 2023-06-26 14:53:44 --> Session: Class initialized using 'CodeIgniter\Session\Handlers\FileHandler' driver.
INFO - 2023-06-26 14:53:47 --> Session: Class initialized using 'CodeIgniter\Session\Handlers\FileHandler' driver.
CRITICAL - 2023-06-26 14:53:47 --> Undefined variable $tipos
in APPPATH\Views\back\reservas\crearReserva_view.php on line 22.
 1 APPPATH\Views\back\reservas\crearReserva_view.php(22): CodeIgniter\Debug\Exceptions->errorHandler(2, 'Undefined variable $tipos', 'C:\\xampp\\htdocs\\proyecto_friasjavier\\app\\Views\\back\\reservas\\crearReserva_view.php', 22)
 2 SYSTEMPATH\View\View.php(213): include('C:\\xampp\\htdocs\\proyecto_friasjavier\\app\\Views\\back\\reservas\\crearReserva_view.php')
 3 SYSTEMPATH\View\View.php(216): CodeIgniter\View\View->CodeIgniter\View\{closure}()
 4 SYSTEMPATH\Common.php(1184): CodeIgniter\View\View->render('back/reservas/crearReserva_view', [], true)
 5 APPPATH\Controllers\Reservas_controller.php(65): view('back/reservas/crearReserva_view', [...])
 6 SYSTEMPATH\CodeIgniter.php(934): App\Controllers\Reservas_controller->store()
 7 SYSTEMPATH\CodeIgniter.php(499): CodeIgniter\CodeIgniter->runController(Object(App\Controllers\Reservas_controller))
 8 SYSTEMPATH\CodeIgniter.php(368): CodeIgniter\CodeIgniter->handleRequest(null, Object(Config\Cache), false)
 9 FCPATH\index.php(67): CodeIgniter\CodeIgniter->run()
INFO - 2023-06-26 14:53:51 --> Session: Class initialized using 'CodeIgniter\Session\Handlers\FileHandler' driver.
INFO - 2023-06-26 14:53:58 --> Session: Class initialized using 'CodeIgniter\Session\Handlers\FileHandler' driver.
INFO - 2023-06-26 14:54:16 --> Session: Class initialized using 'CodeIgniter\Session\Handlers\FileHandler' driver.
CRITICAL - 2023-06-26 14:54:16 --> Undefined variable $tipos
in APPPATH\Views\back\reservas\crearReserva_view.php on line 22.
 1 APPPATH\Views\back\reservas\crearReserva_view.php(22): CodeIgniter\Debug\Exceptions->errorHandler(2, 'Undefined variable $tipos', 'C:\\xampp\\htdocs\\proyecto_friasjavier\\app\\Views\\back\\reservas\\crearReserva_view.php', 22)
 2 SYSTEMPATH\View\View.php(213): include('C:\\xampp\\htdocs\\proyecto_friasjavier\\app\\Views\\back\\reservas\\crearReserva_view.php')
 3 SYSTEMPATH\View\View.php(216): CodeIgniter\View\View->CodeIgniter\View\{closure}()
 4 SYSTEMPATH\Common.php(1184): CodeIgniter\View\View->render('back/reservas/crearReserva_view', [], true)
 5 APPPATH\Controllers\Reservas_controller.php(65): view('back/reservas/crearReserva_view', [...])
 6 SYSTEMPATH\CodeIgniter.php(934): App\Controllers\Reservas_controller->store()
 7 SYSTEMPATH\CodeIgniter.php(499): CodeIgniter\CodeIgniter->runController(Object(App\Controllers\Reservas_controller))
 8 SYSTEMPATH\CodeIgniter.php(368): CodeIgniter\CodeIgniter->handleRequest(null, Object(Config\Cache), false)
 9 FCPATH\index.php(67): CodeIgniter\CodeIgniter->run()
INFO - 2023-06-26 20:00:44 --> Session: Class initialized using 'CodeIgniter\Session\Handlers\FileHandler' driver.
INFO - 2023-06-26 20:02:33 --> Session: Class initialized using 'CodeIgniter\Session\Handlers\FileHandler' driver.
INFO - 2023-06-26 20:02:41 --> Session: Class initialized using 'CodeIgniter\Session\Handlers\FileHandler' driver.
INFO - 2023-06-26 20:15:08 --> Session: Class initialized using 'CodeIgniter\Session\Handlers\FileHandler' driver.
INFO - 2023-06-26 20:15:40 --> Session: Class initialized using 'CodeIgniter\Session\Handlers\FileHandler' driver.
CRITICAL - 2023-06-26 20:15:40 --> Undefined variable $tipos
in APPPATH\Views\back\reservas\crearReserva_view.php on line 22.
 1 APPPATH\Views\back\reservas\crearReserva_view.php(22): CodeIgniter\Debug\Exceptions->errorHandler(2, 'Undefined variable $tipos', 'C:\\xampp\\htdocs\\proyecto_friasjavier\\app\\Views\\back\\reservas\\crearReserva_view.php', 22)
 2 SYSTEMPATH\View\View.php(213): include('C:\\xampp\\htdocs\\proyecto_friasjavier\\app\\Views\\back\\reservas\\crearReserva_view.php')
 3 SYSTEMPATH\View\View.php(216): CodeIgniter\View\View->CodeIgniter\View\{closure}()
 4 SYSTEMPATH\Common.php(1184): CodeIgniter\View\View->render('back/reservas/crearReserva_view', [], true)
 5 APPPATH\Controllers\Reservas_controller.php(65): view('back/reservas/crearReserva_view', [...])
 6 SYSTEMPATH\CodeIgniter.php(934): App\Controllers\Reservas_controller->store()
 7 SYSTEMPATH\CodeIgniter.php(499): CodeIgniter\CodeIgniter->runController(Object(App\Controllers\Reservas_controller))
 8 SYSTEMPATH\CodeIgniter.php(368): CodeIgniter\CodeIgniter->handleRequest(null, Object(Config\Cache), false)
 9 FCPATH\index.php(67): CodeIgniter\CodeIgniter->run()
INFO - 2023-06-26 20:15:46 --> Session: Class initialized using 'CodeIgniter\Session\Handlers\FileHandler' driver.
INFO - 2023-06-26 21:08:35 --> Session: Class initialized using 'CodeIgniter\Session\Handlers\FileHandler' driver.
CRITICAL - 2023-06-26 21:08:35 --> Undefined variable $tiposs
in APPPATH\Views\back\reservas\crearReserva_view.php on line 22.
 1 APPPATH\Views\back\reservas\crearReserva_view.php(22): CodeIgniter\Debug\Exceptions->errorHandler(2, 'Undefined variable $tiposs', 'C:\\xampp\\htdocs\\proyecto_friasjavier\\app\\Views\\back\\reservas\\crearReserva_view.php', 22)
 2 SYSTEMPATH\View\View.php(213): include('C:\\xampp\\htdocs\\proyecto_friasjavier\\app\\Views\\back\\reservas\\crearReserva_view.php')
 3 SYSTEMPATH\View\View.php(216): CodeIgniter\View\View->CodeIgniter\View\{closure}()
 4 SYSTEMPATH\Common.php(1184): CodeIgniter\View\View->render('back/reservas/crearReserva_view', [], true)
 5 APPPATH\Controllers\Reservas_controller.php(65): view('back/reservas/crearReserva_view', [...])
 6 SYSTEMPATH\CodeIgniter.php(934): App\Controllers\Reservas_controller->store()
 7 SYSTEMPATH\CodeIgniter.php(499): CodeIgniter\CodeIgniter->runController(Object(App\Controllers\Reservas_controller))
 8 SYSTEMPATH\CodeIgniter.php(368): CodeIgniter\CodeIgniter->handleRequest(null, Object(Config\Cache), false)
 9 FCPATH\index.php(67): CodeIgniter\CodeIgniter->run()
INFO - 2023-06-26 21:08:38 --> Session: Class initialized using 'CodeIgniter\Session\Handlers\FileHandler' driver.
INFO - 2023-06-26 21:09:35 --> Session: Class initialized using 'CodeIgniter\Session\Handlers\FileHandler' driver.
CRITICAL - 2023-06-26 21:09:35 --> Undefined variable $tipos
in APPPATH\Views\back\reservas\crearReserva_view.php on line 22.
 1 APPPATH\Views\back\reservas\crearReserva_view.php(22): CodeIgniter\Debug\Exceptions->errorHandler(2, 'Undefined variable $tipos', 'C:\\xampp\\htdocs\\proyecto_friasjavier\\app\\Views\\back\\reservas\\crearReserva_view.php', 22)
 2 SYSTEMPATH\View\View.php(213): include('C:\\xampp\\htdocs\\proyecto_friasjavier\\app\\Views\\back\\reservas\\crearReserva_view.php')
 3 SYSTEMPATH\View\View.php(216): CodeIgniter\View\View->CodeIgniter\View\{closure}()
 4 SYSTEMPATH\Common.php(1184): CodeIgniter\View\View->render('back/reservas/crearReserva_view', [], true)
 5 APPPATH\Controllers\Reservas_controller.php(65): view('back/reservas/crearReserva_view', [...])
 6 SYSTEMPATH\CodeIgniter.php(934): App\Controllers\Reservas_controller->store()
 7 SYSTEMPATH\CodeIgniter.php(499): CodeIgniter\CodeIgniter->runController(Object(App\Controllers\Reservas_controller))
 8 SYSTEMPATH\CodeIgniter.php(368): CodeIgniter\CodeIgniter->handleRequest(null, Object(Config\Cache), false)
 9 FCPATH\index.php(67): CodeIgniter\CodeIgniter->run()
INFO - 2023-06-26 21:09:38 --> Session: Class initialized using 'CodeIgniter\Session\Handlers\FileHandler' driver.
INFO - 2023-06-26 21:10:23 --> Session: Class initialized using 'CodeIgniter\Session\Handlers\FileHandler' driver.
CRITICAL - 2023-06-26 21:10:23 --> Undefined variable $tipos
in APPPATH\Views\back\reservas\crearReserva_view.php on line 22.
 1 APPPATH\Views\back\reservas\crearReserva_view.php(22): CodeIgniter\Debug\Exceptions->errorHandler(2, 'Undefined variable $tipos', 'C:\\xampp\\htdocs\\proyecto_friasjavier\\app\\Views\\back\\reservas\\crearReserva_view.php', 22)
 2 SYSTEMPATH\View\View.php(213): include('C:\\xampp\\htdocs\\proyecto_friasjavier\\app\\Views\\back\\reservas\\crearReserva_view.php')
 3 SYSTEMPATH\View\View.php(216): CodeIgniter\View\View->CodeIgniter\View\{closure}()
 4 SYSTEMPATH\Common.php(1184): CodeIgniter\View\View->render('back/reservas/crearReserva_view', [...], true)
 5 APPPATH\Controllers\Reservas_controller.php(44): view('back/reservas/crearReserva_view', [...], [...])
 6 SYSTEMPATH\CodeIgniter.php(934): App\Controllers\Reservas_controller->crearReservas()
 7 SYSTEMPATH\CodeIgniter.php(499): CodeIgniter\CodeIgniter->runController(Object(App\Controllers\Reservas_controller))
 8 SYSTEMPATH\CodeIgniter.php(368): CodeIgniter\CodeIgniter->handleRequest(null, Object(Config\Cache), false)
 9 FCPATH\index.php(67): CodeIgniter\CodeIgniter->run()
INFO - 2023-06-26 21:10:26 --> Session: Class initialized using 'CodeIgniter\Session\Handlers\FileHandler' driver.
INFO - 2023-06-26 21:10:28 --> Session: Class initialized using 'CodeIgniter\Session\Handlers\FileHandler' driver.
CRITICAL - 2023-06-26 21:10:28 --> Undefined variable $tipos
in APPPATH\Views\back\reservas\crearReserva_view.php on line 22.
 1 APPPATH\Views\back\reservas\crearReserva_view.php(22): CodeIgniter\Debug\Exceptions->errorHandler(2, 'Undefined variable $tipos', 'C:\\xampp\\htdocs\\proyecto_friasjavier\\app\\Views\\back\\reservas\\crearReserva_view.php', 22)
 2 SYSTEMPATH\View\View.php(213): include('C:\\xampp\\htdocs\\proyecto_friasjavier\\app\\Views\\back\\reservas\\crearReserva_view.php')
 3 SYSTEMPATH\View\View.php(216): CodeIgniter\View\View->CodeIgniter\View\{closure}()
 4 SYSTEMPATH\Common.php(1184): CodeIgniter\View\View->render('back/reservas/crearReserva_view', [...], true)
 5 APPPATH\Controllers\Reservas_controller.php(44): view('back/reservas/crearReserva_view', [...], [...])
 6 SYSTEMPATH\CodeIgniter.php(934): App\Controllers\Reservas_controller->crearReservas()
 7 SYSTEMPATH\CodeIgniter.php(499): CodeIgniter\CodeIgniter->runController(Object(App\Controllers\Reservas_controller))
 8 SYSTEMPATH\CodeIgniter.php(368): CodeIgniter\CodeIgniter->handleRequest(null, Object(Config\Cache), false)
 9 FCPATH\index.php(67): CodeIgniter\CodeIgniter->run()
INFO - 2023-06-26 21:10:47 --> Session: Class initialized using 'CodeIgniter\Session\Handlers\FileHandler' driver.
CRITICAL - 2023-06-26 21:10:47 --> Undefined variable $tipos
in APPPATH\Views\back\reservas\crearReserva_view.php on line 22.
 1 APPPATH\Views\back\reservas\crearReserva_view.php(22): CodeIgniter\Debug\Exceptions->errorHandler(2, 'Undefined variable $tipos', 'C:\\xampp\\htdocs\\proyecto_friasjavier\\app\\Views\\back\\reservas\\crearReserva_view.php', 22)
 2 SYSTEMPATH\View\View.php(213): include('C:\\xampp\\htdocs\\proyecto_friasjavier\\app\\Views\\back\\reservas\\crearReserva_view.php')
 3 SYSTEMPATH\View\View.php(216): CodeIgniter\View\View->CodeIgniter\View\{closure}()
 4 SYSTEMPATH\Common.php(1184): CodeIgniter\View\View->render('back/reservas/crearReserva_view', [...], true)
 5 APPPATH\Controllers\Reservas_controller.php(44): view('back/reservas/crearReserva_view', [...], [...])
 6 SYSTEMPATH\CodeIgniter.php(934): App\Controllers\Reservas_controller->crearReservas()
 7 SYSTEMPATH\CodeIgniter.php(499): CodeIgniter\CodeIgniter->runController(Object(App\Controllers\Reservas_controller))
 8 SYSTEMPATH\CodeIgniter.php(368): CodeIgniter\CodeIgniter->handleRequest(null, Object(Config\Cache), false)
 9 FCPATH\index.php(67): CodeIgniter\CodeIgniter->run()
INFO - 2023-06-26 21:11:45 --> Session: Class initialized using 'CodeIgniter\Session\Handlers\FileHandler' driver.
INFO - 2023-06-26 21:12:19 --> Session: Class initialized using 'CodeIgniter\Session\Handlers\FileHandler' driver.
INFO - 2023-06-26 21:12:21 --> Session: Class initialized using 'CodeIgniter\Session\Handlers\FileHandler' driver.
INFO - 2023-06-26 21:13:01 --> Session: Class initialized using 'CodeIgniter\Session\Handlers\FileHandler' driver.
CRITICAL - 2023-06-26 21:13:01 --> Undefined variable $tipos
in APPPATH\Views\back\reservas\crearReserva_view.php on line 22.
 1 APPPATH\Views\back\reservas\crearReserva_view.php(22): CodeIgniter\Debug\Exceptions->errorHandler(2, 'Undefined variable $tipos', 'C:\\xampp\\htdocs\\proyecto_friasjavier\\app\\Views\\back\\reservas\\crearReserva_view.php', 22)
 2 SYSTEMPATH\View\View.php(213): include('C:\\xampp\\htdocs\\proyecto_friasjavier\\app\\Views\\back\\reservas\\crearReserva_view.php')
 3 SYSTEMPATH\View\View.php(216): CodeIgniter\View\View->CodeIgniter\View\{closure}()
 4 SYSTEMPATH\Common.php(1184): CodeIgniter\View\View->render('back/reservas/crearReserva_view', [], true)
 5 APPPATH\Controllers\Reservas_controller.php(65): view('back/reservas/crearReserva_view', [...])
 6 SYSTEMPATH\CodeIgniter.php(934): App\Controllers\Reservas_controller->store()
 7 SYSTEMPATH\CodeIgniter.php(499): CodeIgniter\CodeIgniter->runController(Object(App\Controllers\Reservas_controller))
 8 SYSTEMPATH\CodeIgniter.php(368): CodeIgniter\CodeIgniter->handleRequest(null, Object(Config\Cache), false)
 9 FCPATH\index.php(67): CodeIgniter\CodeIgniter->run()
INFO - 2023-06-26 21:14:29 --> Session: Class initialized using 'CodeIgniter\Session\Handlers\FileHandler' driver.
CRITICAL - 2023-06-26 21:14:29 --> Undefined variable $tipos
in APPPATH\Views\back\reservas\crearReserva_view.php on line 23.
 1 APPPATH\Views\back\reservas\crearReserva_view.php(23): CodeIgniter\Debug\Exceptions->errorHandler(2, 'Undefined variable $tipos', 'C:\\xampp\\htdocs\\proyecto_friasjavier\\app\\Views\\back\\reservas\\crearReserva_view.php', 23)
 2 SYSTEMPATH\View\View.php(213): include('C:\\xampp\\htdocs\\proyecto_friasjavier\\app\\Views\\back\\reservas\\crearReserva_view.php')
 3 SYSTEMPATH\View\View.php(216): CodeIgniter\View\View->CodeIgniter\View\{closure}()
 4 SYSTEMPATH\Common.php(1184): CodeIgniter\View\View->render('back/reservas/crearReserva_view', [], true)
 5 APPPATH\Controllers\Reservas_controller.php(65): view('back/reservas/crearReserva_view', [...])
 6 SYSTEMPATH\CodeIgniter.php(934): App\Controllers\Reservas_controller->store()
 7 SYSTEMPATH\CodeIgniter.php(499): CodeIgniter\CodeIgniter->runController(Object(App\Controllers\Reservas_controller))
 8 SYSTEMPATH\CodeIgniter.php(368): CodeIgniter\CodeIgniter->handleRequest(null, Object(Config\Cache), false)
 9 FCPATH\index.php(67): CodeIgniter\CodeIgniter->run()
INFO - 2023-06-26 21:15:19 --> Session: Class initialized using 'CodeIgniter\Session\Handlers\FileHandler' driver.
CRITICAL - 2023-06-26 21:15:19 --> Undefined variable $tipos
in APPPATH\Views\back\reservas\crearReserva_view.php on line 23.
 1 APPPATH\Views\back\reservas\crearReserva_view.php(23): CodeIgniter\Debug\Exceptions->errorHandler(2, 'Undefined variable $tipos', 'C:\\xampp\\htdocs\\proyecto_friasjavier\\app\\Views\\back\\reservas\\crearReserva_view.php', 23)
 2 SYSTEMPATH\View\View.php(213): include('C:\\xampp\\htdocs\\proyecto_friasjavier\\app\\Views\\back\\reservas\\crearReserva_view.php')
 3 SYSTEMPATH\View\View.php(216): CodeIgniter\View\View->CodeIgniter\View\{closure}()
 4 SYSTEMPATH\Common.php(1184): CodeIgniter\View\View->render('back/reservas/crearReserva_view', [], true)
 5 APPPATH\Controllers\Reservas_controller.php(65): view('back/reservas/crearReserva_view', [...])
 6 SYSTEMPATH\CodeIgniter.php(934): App\Controllers\Reservas_controller->store()
 7 SYSTEMPATH\CodeIgniter.php(499): CodeIgniter\CodeIgniter->runController(Object(App\Controllers\Reservas_controller))
 8 SYSTEMPATH\CodeIgniter.php(368): CodeIgniter\CodeIgniter->handleRequest(null, Object(Config\Cache), false)
 9 FCPATH\index.php(67): CodeIgniter\CodeIgniter->run()
INFO - 2023-06-26 21:15:39 --> Session: Class initialized using 'CodeIgniter\Session\Handlers\FileHandler' driver.
CRITICAL - 2023-06-26 21:15:39 --> Undefined variable $tipos
in APPPATH\Views\back\reservas\crearReserva_view.php on line 23.
 1 APPPATH\Views\back\reservas\crearReserva_view.php(23): CodeIgniter\Debug\Exceptions->errorHandler(2, 'Undefined variable $tipos', 'C:\\xampp\\htdocs\\proyecto_friasjavier\\app\\Views\\back\\reservas\\crearReserva_view.php', 23)
 2 SYSTEMPATH\View\View.php(213): include('C:\\xampp\\htdocs\\proyecto_friasjavier\\app\\Views\\back\\reservas\\crearReserva_view.php')
 3 SYSTEMPATH\View\View.php(216): CodeIgniter\View\View->CodeIgniter\View\{closure}()
 4 SYSTEMPATH\Common.php(1184): CodeIgniter\View\View->render('back/reservas/crearReserva_view', [], true)
 5 APPPATH\Controllers\Reservas_controller.php(66): view('back/reservas/crearReserva_view', [...])
 6 SYSTEMPATH\CodeIgniter.php(934): App\Controllers\Reservas_controller->store()
 7 SYSTEMPATH\CodeIgniter.php(499): CodeIgniter\CodeIgniter->runController(Object(App\Controllers\Reservas_controller))
 8 SYSTEMPATH\CodeIgniter.php(368): CodeIgniter\CodeIgniter->handleRequest(null, Object(Config\Cache), false)
 9 FCPATH\index.php(67): CodeIgniter\CodeIgniter->run()
INFO - 2023-06-26 21:16:09 --> Session: Class initialized using 'CodeIgniter\Session\Handlers\FileHandler' driver.
CRITICAL - 2023-06-26 21:16:09 --> Undefined variable $tipos
in APPPATH\Views\back\reservas\crearReserva_view.php on line 23.
 1 APPPATH\Views\back\reservas\crearReserva_view.php(23): CodeIgniter\Debug\Exceptions->errorHandler(2, 'Undefined variable $tipos', 'C:\\xampp\\htdocs\\proyecto_friasjavier\\app\\Views\\back\\reservas\\crearReserva_view.php', 23)
 2 SYSTEMPATH\View\View.php(213): include('C:\\xampp\\htdocs\\proyecto_friasjavier\\app\\Views\\back\\reservas\\crearReserva_view.php')
 3 SYSTEMPATH\View\View.php(216): CodeIgniter\View\View->CodeIgniter\View\{closure}()
 4 SYSTEMPATH\Common.php(1184): CodeIgniter\View\View->render('back/reservas/crearReserva_view', [], true)
 5 APPPATH\Controllers\Reservas_controller.php(65): view('back/reservas/crearReserva_view', [...])
 6 SYSTEMPATH\CodeIgniter.php(934): App\Controllers\Reservas_controller->store()
 7 SYSTEMPATH\CodeIgniter.php(499): CodeIgniter\CodeIgniter->runController(Object(App\Controllers\Reservas_controller))
 8 SYSTEMPATH\CodeIgniter.php(368): CodeIgniter\CodeIgniter->handleRequest(null, Object(Config\Cache), false)
 9 FCPATH\index.php(67): CodeIgniter\CodeIgniter->run()
INFO - 2023-06-26 21:16:18 --> Session: Class initialized using 'CodeIgniter\Session\Handlers\FileHandler' driver.
CRITICAL - 2023-06-26 21:16:18 --> Undefined variable $tipos
in APPPATH\Views\back\reservas\crearReserva_view.php on line 23.
 1 APPPATH\Views\back\reservas\crearReserva_view.php(23): CodeIgniter\Debug\Exceptions->errorHandler(2, 'Undefined variable $tipos', 'C:\\xampp\\htdocs\\proyecto_friasjavier\\app\\Views\\back\\reservas\\crearReserva_view.php', 23)
 2 SYSTEMPATH\View\View.php(213): include('C:\\xampp\\htdocs\\proyecto_friasjavier\\app\\Views\\back\\reservas\\crearReserva_view.php')
 3 SYSTEMPATH\View\View.php(216): CodeIgniter\View\View->CodeIgniter\View\{closure}()
 4 SYSTEMPATH\Common.php(1184): CodeIgniter\View\View->render('back/reservas/crearReserva_view', [], true)
 5 APPPATH\Controllers\Reservas_controller.php(65): view('back/reservas/crearReserva_view', [...])
 6 SYSTEMPATH\CodeIgniter.php(934): App\Controllers\Reservas_controller->store()
 7 SYSTEMPATH\CodeIgniter.php(499): CodeIgniter\CodeIgniter->runController(Object(App\Controllers\Reservas_controller))
 8 SYSTEMPATH\CodeIgniter.php(368): CodeIgniter\CodeIgniter->handleRequest(null, Object(Config\Cache), false)
 9 FCPATH\index.php(67): CodeIgniter\CodeIgniter->run()
INFO - 2023-06-26 21:16:30 --> Session: Class initialized using 'CodeIgniter\Session\Handlers\FileHandler' driver.
CRITICAL - 2023-06-26 21:16:30 --> Undefined variable $tipos
in APPPATH\Views\back\reservas\crearReserva_view.php on line 23.
 1 APPPATH\Views\back\reservas\crearReserva_view.php(23): CodeIgniter\Debug\Exceptions->errorHandler(2, 'Undefined variable $tipos', 'C:\\xampp\\htdocs\\proyecto_friasjavier\\app\\Views\\back\\reservas\\crearReserva_view.php', 23)
 2 SYSTEMPATH\View\View.php(213): include('C:\\xampp\\htdocs\\proyecto_friasjavier\\app\\Views\\back\\reservas\\crearReserva_view.php')
 3 SYSTEMPATH\View\View.php(216): CodeIgniter\View\View->CodeIgniter\View\{closure}()
 4 SYSTEMPATH\Common.php(1184): CodeIgniter\View\View->render('back/reservas/crearReserva_view', [], true)
 5 APPPATH\Controllers\Reservas_controller.php(65): view('back/reservas/crearReserva_view', [...])
 6 SYSTEMPATH\CodeIgniter.php(934): App\Controllers\Reservas_controller->store()
 7 SYSTEMPATH\CodeIgniter.php(499): CodeIgniter\CodeIgniter->runController(Object(App\Controllers\Reservas_controller))
 8 SYSTEMPATH\CodeIgniter.php(368): CodeIgniter\CodeIgniter->handleRequest(null, Object(Config\Cache), false)
 9 FCPATH\index.php(67): CodeIgniter\CodeIgniter->run()
INFO - 2023-06-26 21:16:47 --> Session: Class initialized using 'CodeIgniter\Session\Handlers\FileHandler' driver.
INFO - 2023-06-26 21:16:47 --> Session: Class initialized using 'CodeIgniter\Session\Handlers\FileHandler' driver.
INFO - 2023-06-26 21:16:49 --> Session: Class initialized using 'CodeIgniter\Session\Handlers\FileHandler' driver.
INFO - 2023-06-26 21:16:50 --> Session: Class initialized using 'CodeIgniter\Session\Handlers\FileHandler' driver.
INFO - 2023-06-26 21:16:54 --> Session: Class initialized using 'CodeIgniter\Session\Handlers\FileHandler' driver.
INFO - 2023-06-26 21:16:58 --> Session: Class initialized using 'CodeIgniter\Session\Handlers\FileHandler' driver.
INFO - 2023-06-26 21:17:33 --> Session: Class initialized using 'CodeIgniter\Session\Handlers\FileHandler' driver.
CRITICAL - 2023-06-26 21:17:33 --> Undefined variable $tipos
in APPPATH\Views\back\reservas\crearReserva_view.php on line 23.
 1 APPPATH\Views\back\reservas\crearReserva_view.php(23): CodeIgniter\Debug\Exceptions->errorHandler(2, 'Undefined variable $tipos', 'C:\\xampp\\htdocs\\proyecto_friasjavier\\app\\Views\\back\\reservas\\crearReserva_view.php', 23)
 2 SYSTEMPATH\View\View.php(213): include('C:\\xampp\\htdocs\\proyecto_friasjavier\\app\\Views\\back\\reservas\\crearReserva_view.php')
 3 SYSTEMPATH\View\View.php(216): CodeIgniter\View\View->CodeIgniter\View\{closure}()
 4 SYSTEMPATH\Common.php(1184): CodeIgniter\View\View->render('back/reservas/crearReserva_view', [], true)
 5 APPPATH\Controllers\Reservas_controller.php(65): view('back/reservas/crearReserva_view', [...])
 6 SYSTEMPATH\CodeIgniter.php(934): App\Controllers\Reservas_controller->store()
 7 SYSTEMPATH\CodeIgniter.php(499): CodeIgniter\CodeIgniter->runController(Object(App\Controllers\Reservas_controller))
 8 SYSTEMPATH\CodeIgniter.php(368): CodeIgniter\CodeIgniter->handleRequest(null, Object(Config\Cache), false)
 9 FCPATH\index.php(67): CodeIgniter\CodeIgniter->run()
INFO - 2023-06-26 21:20:34 --> Session: Class initialized using 'CodeIgniter\Session\Handlers\FileHandler' driver.
CRITICAL - 2023-06-26 21:20:34 --> Undefined variable $tipos
in APPPATH\Views\back\reservas\crearReserva_view.php on line 23.
 1 APPPATH\Views\back\reservas\crearReserva_view.php(23): CodeIgniter\Debug\Exceptions->errorHandler(2, 'Undefined variable $tipos', 'C:\\xampp\\htdocs\\proyecto_friasjavier\\app\\Views\\back\\reservas\\crearReserva_view.php', 23)
 2 SYSTEMPATH\View\View.php(213): include('C:\\xampp\\htdocs\\proyecto_friasjavier\\app\\Views\\back\\reservas\\crearReserva_view.php')
 3 SYSTEMPATH\View\View.php(216): CodeIgniter\View\View->CodeIgniter\View\{closure}()
 4 SYSTEMPATH\Common.php(1184): CodeIgniter\View\View->render('back/reservas/crearReserva_view', [], true)
 5 APPPATH\Controllers\Reservas_controller.php(65): view('back/reservas/crearReserva_view', [...])
 6 SYSTEMPATH\CodeIgniter.php(934): App\Controllers\Reservas_controller->store()
 7 SYSTEMPATH\CodeIgniter.php(499): CodeIgniter\CodeIgniter->runController(Object(App\Controllers\Reservas_controller))
 8 SYSTEMPATH\CodeIgniter.php(368): CodeIgniter\CodeIgniter->handleRequest(null, Object(Config\Cache), false)
 9 FCPATH\index.php(67): CodeIgniter\CodeIgniter->run()
INFO - 2023-06-26 21:21:02 --> Session: Class initialized using 'CodeIgniter\Session\Handlers\FileHandler' driver.
CRITICAL - 2023-06-26 21:21:02 --> Undefined variable $tipos
in APPPATH\Views\back\reservas\crearReserva_view.php on line 22.
 1 APPPATH\Views\back\reservas\crearReserva_view.php(22): CodeIgniter\Debug\Exceptions->errorHandler(2, 'Undefined variable $tipos', 'C:\\xampp\\htdocs\\proyecto_friasjavier\\app\\Views\\back\\reservas\\crearReserva_view.php', 22)
 2 SYSTEMPATH\View\View.php(213): include('C:\\xampp\\htdocs\\proyecto_friasjavier\\app\\Views\\back\\reservas\\crearReserva_view.php')
 3 SYSTEMPATH\View\View.php(216): CodeIgniter\View\View->CodeIgniter\View\{closure}()
 4 SYSTEMPATH\Common.php(1184): CodeIgniter\View\View->render('back/reservas/crearReserva_view', [], true)
 5 APPPATH\Controllers\Reservas_controller.php(65): view('back/reservas/crearReserva_view', [...])
 6 SYSTEMPATH\CodeIgniter.php(934): App\Controllers\Reservas_controller->store()
 7 SYSTEMPATH\CodeIgniter.php(499): CodeIgniter\CodeIgniter->runController(Object(App\Controllers\Reservas_controller))
 8 SYSTEMPATH\CodeIgniter.php(368): CodeIgniter\CodeIgniter->handleRequest(null, Object(Config\Cache), false)
 9 FCPATH\index.php(67): CodeIgniter\CodeIgniter->run()
INFO - 2023-06-26 21:21:22 --> Session: Class initialized using 'CodeIgniter\Session\Handlers\FileHandler' driver.
CRITICAL - 2023-06-26 21:21:22 --> Undefined variable $tipos
in APPPATH\Views\back\reservas\crearReserva_view.php on line 22.
 1 APPPATH\Views\back\reservas\crearReserva_view.php(22): CodeIgniter\Debug\Exceptions->errorHandler(2, 'Undefined variable $tipos', 'C:\\xampp\\htdocs\\proyecto_friasjavier\\app\\Views\\back\\reservas\\crearReserva_view.php', 22)
 2 SYSTEMPATH\View\View.php(213): include('C:\\xampp\\htdocs\\proyecto_friasjavier\\app\\Views\\back\\reservas\\crearReserva_view.php')
 3 SYSTEMPATH\View\View.php(216): CodeIgniter\View\View->CodeIgniter\View\{closure}()
 4 SYSTEMPATH\Common.php(1184): CodeIgniter\View\View->render('back/reservas/crearReserva_view', [], true)
 5 APPPATH\Controllers\Reservas_controller.php(65): view('back/reservas/crearReserva_view', [...])
 6 SYSTEMPATH\CodeIgniter.php(934): App\Controllers\Reservas_controller->store()
 7 SYSTEMPATH\CodeIgniter.php(499): CodeIgniter\CodeIgniter->runController(Object(App\Controllers\Reservas_controller))
 8 SYSTEMPATH\CodeIgniter.php(368): CodeIgniter\CodeIgniter->handleRequest(null, Object(Config\Cache), false)
 9 FCPATH\index.php(67): CodeIgniter\CodeIgniter->run()
INFO - 2023-06-26 21:22:26 --> Session: Class initialized using 'CodeIgniter\Session\Handlers\FileHandler' driver.
CRITICAL - 2023-06-26 21:22:26 --> Undefined variable $tipos
in APPPATH\Views\back\reservas\crearReserva_view.php on line 22.
 1 APPPATH\Views\back\reservas\crearReserva_view.php(22): CodeIgniter\Debug\Exceptions->errorHandler(2, 'Undefined variable $tipos', 'C:\\xampp\\htdocs\\proyecto_friasjavier\\app\\Views\\back\\reservas\\crearReserva_view.php', 22)
 2 SYSTEMPATH\View\View.php(213): include('C:\\xampp\\htdocs\\proyecto_friasjavier\\app\\Views\\back\\reservas\\crearReserva_view.php')
 3 SYSTEMPATH\View\View.php(216): CodeIgniter\View\View->CodeIgniter\View\{closure}()
 4 SYSTEMPATH\Common.php(1184): CodeIgniter\View\View->render('back/reservas/crearReserva_view', [], true)
 5 APPPATH\Controllers\Reservas_controller.php(65): view('back/reservas/crearReserva_view', [...])
 6 SYSTEMPATH\CodeIgniter.php(934): App\Controllers\Reservas_controller->store()
 7 SYSTEMPATH\CodeIgniter.php(499): CodeIgniter\CodeIgniter->runController(Object(App\Controllers\Reservas_controller))
 8 SYSTEMPATH\CodeIgniter.php(368): CodeIgniter\CodeIgniter->handleRequest(null, Object(Config\Cache), false)
 9 FCPATH\index.php(67): CodeIgniter\CodeIgniter->run()
INFO - 2023-06-26 21:22:48 --> Session: Class initialized using 'CodeIgniter\Session\Handlers\FileHandler' driver.
INFO - 2023-06-26 21:23:15 --> Session: Class initialized using 'CodeIgniter\Session\Handlers\FileHandler' driver.
CRITICAL - 2023-06-26 21:23:15 --> Undefined variable $tipos
in APPPATH\Views\back\reservas\crearReserva_view.php on line 22.
 1 APPPATH\Views\back\reservas\crearReserva_view.php(22): CodeIgniter\Debug\Exceptions->errorHandler(2, 'Undefined variable $tipos', 'C:\\xampp\\htdocs\\proyecto_friasjavier\\app\\Views\\back\\reservas\\crearReserva_view.php', 22)
 2 SYSTEMPATH\View\View.php(213): include('C:\\xampp\\htdocs\\proyecto_friasjavier\\app\\Views\\back\\reservas\\crearReserva_view.php')
 3 SYSTEMPATH\View\View.php(216): CodeIgniter\View\View->CodeIgniter\View\{closure}()
 4 SYSTEMPATH\Common.php(1184): CodeIgniter\View\View->render('back/reservas/crearReserva_view', [], true)
 5 APPPATH\Controllers\Reservas_controller.php(65): view('back/reservas/crearReserva_view', [...])
 6 SYSTEMPATH\CodeIgniter.php(934): App\Controllers\Reservas_controller->store()
 7 SYSTEMPATH\CodeIgniter.php(499): CodeIgniter\CodeIgniter->runController(Object(App\Controllers\Reservas_controller))
 8 SYSTEMPATH\CodeIgniter.php(368): CodeIgniter\CodeIgniter->handleRequest(null, Object(Config\Cache), false)
 9 FCPATH\index.php(67): CodeIgniter\CodeIgniter->run()
INFO - 2023-06-26 21:24:48 --> Session: Class initialized using 'CodeIgniter\Session\Handlers\FileHandler' driver.
INFO - 2023-06-26 21:24:49 --> Session: Class initialized using 'CodeIgniter\Session\Handlers\FileHandler' driver.
INFO - 2023-06-26 21:24:53 --> Session: Class initialized using 'CodeIgniter\Session\Handlers\FileHandler' driver.
INFO - 2023-06-26 21:24:53 --> Session: Class initialized using 'CodeIgniter\Session\Handlers\FileHandler' driver.
INFO - 2023-06-26 21:24:55 --> Session: Class initialized using 'CodeIgniter\Session\Handlers\FileHandler' driver.
INFO - 2023-06-26 21:24:56 --> Session: Class initialized using 'CodeIgniter\Session\Handlers\FileHandler' driver.
INFO - 2023-06-26 21:25:35 --> Session: Class initialized using 'CodeIgniter\Session\Handlers\FileHandler' driver.
CRITICAL - 2023-06-26 21:25:35 --> Undefined variable $tipos
in APPPATH\Views\back\reservas\crearReserva_view.php on line 22.
 1 APPPATH\Views\back\reservas\crearReserva_view.php(22): CodeIgniter\Debug\Exceptions->errorHandler(2, 'Undefined variable $tipos', 'C:\\xampp\\htdocs\\proyecto_friasjavier\\app\\Views\\back\\reservas\\crearReserva_view.php', 22)
 2 SYSTEMPATH\View\View.php(213): include('C:\\xampp\\htdocs\\proyecto_friasjavier\\app\\Views\\back\\reservas\\crearReserva_view.php')
 3 SYSTEMPATH\View\View.php(216): CodeIgniter\View\View->CodeIgniter\View\{closure}()
 4 SYSTEMPATH\Common.php(1184): CodeIgniter\View\View->render('back/reservas/crearReserva_view', [], true)
 5 APPPATH\Controllers\Reservas_controller.php(65): view('back/reservas/crearReserva_view', [...])
 6 SYSTEMPATH\CodeIgniter.php(934): App\Controllers\Reservas_controller->store()
 7 SYSTEMPATH\CodeIgniter.php(499): CodeIgniter\CodeIgniter->runController(Object(App\Controllers\Reservas_controller))
 8 SYSTEMPATH\CodeIgniter.php(368): CodeIgniter\CodeIgniter->handleRequest(null, Object(Config\Cache), false)
 9 FCPATH\index.php(67): CodeIgniter\CodeIgniter->run()
INFO - 2023-06-26 21:27:38 --> Session: Class initialized using 'CodeIgniter\Session\Handlers\FileHandler' driver.
INFO - 2023-06-26 21:28:15 --> Session: Class initialized using 'CodeIgniter\Session\Handlers\FileHandler' driver.
INFO - 2023-06-26 21:28:23 --> Session: Class initialized using 'CodeIgniter\Session\Handlers\FileHandler' driver.
INFO - 2023-06-26 21:28:36 --> Session: Class initialized using 'CodeIgniter\Session\Handlers\FileHandler' driver.
INFO - 2023-06-26 21:29:06 --> Session: Class initialized using 'CodeIgniter\Session\Handlers\FileHandler' driver.
INFO - 2023-06-26 21:29:08 --> Session: Class initialized using 'CodeIgniter\Session\Handlers\FileHandler' driver.
INFO - 2023-06-26 21:30:07 --> Session: Class initialized using 'CodeIgniter\Session\Handlers\FileHandler' driver.
INFO - 2023-06-26 21:30:09 --> Session: Class initialized using 'CodeIgniter\Session\Handlers\FileHandler' driver.
INFO - 2023-06-26 21:30:38 --> Session: Class initialized using 'CodeIgniter\Session\Handlers\FileHandler' driver.
CRITICAL - 2023-06-26 21:30:38 --> Undefined variable $tipos
in APPPATH\Views\back\reservas\crearReserva_view.php on line 22.
 1 APPPATH\Views\back\reservas\crearReserva_view.php(22): CodeIgniter\Debug\Exceptions->errorHandler(2, 'Undefined variable $tipos', 'C:\\xampp\\htdocs\\proyecto_friasjavier\\app\\Views\\back\\reservas\\crearReserva_view.php', 22)
 2 SYSTEMPATH\View\View.php(213): include('C:\\xampp\\htdocs\\proyecto_friasjavier\\app\\Views\\back\\reservas\\crearReserva_view.php')
 3 SYSTEMPATH\View\View.php(216): CodeIgniter\View\View->CodeIgniter\View\{closure}()
 4 SYSTEMPATH\Common.php(1184): CodeIgniter\View\View->render('back/reservas/crearReserva_view', [], true)
 5 APPPATH\Controllers\Reservas_controller.php(65): view('back/reservas/crearReserva_view', [...])
 6 SYSTEMPATH\CodeIgniter.php(934): App\Controllers\Reservas_controller->store()
 7 SYSTEMPATH\CodeIgniter.php(499): CodeIgniter\CodeIgniter->runController(Object(App\Controllers\Reservas_controller))
 8 SYSTEMPATH\CodeIgniter.php(368): CodeIgniter\CodeIgniter->handleRequest(null, Object(Config\Cache), false)
 9 FCPATH\index.php(67): CodeIgniter\CodeIgniter->run()
INFO - 2023-06-26 21:30:50 --> Session: Class initialized using 'CodeIgniter\Session\Handlers\FileHandler' driver.
CRITICAL - 2023-06-26 21:30:50 --> Undefined variable $tipos
in APPPATH\Views\back\reservas\crearReserva_view.php on line 22.
 1 APPPATH\Views\back\reservas\crearReserva_view.php(22): CodeIgniter\Debug\Exceptions->errorHandler(2, 'Undefined variable $tipos', 'C:\\xampp\\htdocs\\proyecto_friasjavier\\app\\Views\\back\\reservas\\crearReserva_view.php', 22)
 2 SYSTEMPATH\View\View.php(213): include('C:\\xampp\\htdocs\\proyecto_friasjavier\\app\\Views\\back\\reservas\\crearReserva_view.php')
 3 SYSTEMPATH\View\View.php(216): CodeIgniter\View\View->CodeIgniter\View\{closure}()
 4 SYSTEMPATH\Common.php(1184): CodeIgniter\View\View->render('back/reservas/crearReserva_view', [], true)
 5 APPPATH\Controllers\Reservas_controller.php(65): view('back/reservas/crearReserva_view', [...])
 6 SYSTEMPATH\CodeIgniter.php(934): App\Controllers\Reservas_controller->store()
 7 SYSTEMPATH\CodeIgniter.php(499): CodeIgniter\CodeIgniter->runController(Object(App\Controllers\Reservas_controller))
 8 SYSTEMPATH\CodeIgniter.php(368): CodeIgniter\CodeIgniter->handleRequest(null, Object(Config\Cache), false)
 9 FCPATH\index.php(67): CodeIgniter\CodeIgniter->run()
INFO - 2023-06-26 21:31:06 --> Session: Class initialized using 'CodeIgniter\Session\Handlers\FileHandler' driver.
CRITICAL - 2023-06-26 21:31:06 --> Undefined variable $tipos
in APPPATH\Views\back\reservas\crearReserva_view.php on line 22.
 1 APPPATH\Views\back\reservas\crearReserva_view.php(22): CodeIgniter\Debug\Exceptions->errorHandler(2, 'Undefined variable $tipos', 'C:\\xampp\\htdocs\\proyecto_friasjavier\\app\\Views\\back\\reservas\\crearReserva_view.php', 22)
 2 SYSTEMPATH\View\View.php(213): include('C:\\xampp\\htdocs\\proyecto_friasjavier\\app\\Views\\back\\reservas\\crearReserva_view.php')
 3 SYSTEMPATH\View\View.php(216): CodeIgniter\View\View->CodeIgniter\View\{closure}()
 4 SYSTEMPATH\Common.php(1184): CodeIgniter\View\View->render('back/reservas/crearReserva_view', [], true)
 5 APPPATH\Controllers\Reservas_controller.php(65): view('back/reservas/crearReserva_view', [...])
 6 SYSTEMPATH\CodeIgniter.php(934): App\Controllers\Reservas_controller->store()
 7 SYSTEMPATH\CodeIgniter.php(499): CodeIgniter\CodeIgniter->runController(Object(App\Controllers\Reservas_controller))
 8 SYSTEMPATH\CodeIgniter.php(368): CodeIgniter\CodeIgniter->handleRequest(null, Object(Config\Cache), false)
 9 FCPATH\index.php(67): CodeIgniter\CodeIgniter->run()
INFO - 2023-06-26 21:31:24 --> Session: Class initialized using 'CodeIgniter\Session\Handlers\FileHandler' driver.
CRITICAL - 2023-06-26 21:31:24 --> Undefined variable $tipos
in APPPATH\Views\back\reservas\crearReserva_view.php on line 22.
 1 APPPATH\Views\back\reservas\crearReserva_view.php(22): CodeIgniter\Debug\Exceptions->errorHandler(2, 'Undefined variable $tipos', 'C:\\xampp\\htdocs\\proyecto_friasjavier\\app\\Views\\back\\reservas\\crearReserva_view.php', 22)
 2 SYSTEMPATH\View\View.php(213): include('C:\\xampp\\htdocs\\proyecto_friasjavier\\app\\Views\\back\\reservas\\crearReserva_view.php')
 3 SYSTEMPATH\View\View.php(216): CodeIgniter\View\View->CodeIgniter\View\{closure}()
 4 SYSTEMPATH\Common.php(1184): CodeIgniter\View\View->render('back/reservas/crearReserva_view', [], true)
 5 APPPATH\Controllers\Reservas_controller.php(64): view('back/reservas/crearReserva_view', [...])
 6 SYSTEMPATH\CodeIgniter.php(934): App\Controllers\Reservas_controller->store()
 7 SYSTEMPATH\CodeIgniter.php(499): CodeIgniter\CodeIgniter->runController(Object(App\Controllers\Reservas_controller))
 8 SYSTEMPATH\CodeIgniter.php(368): CodeIgniter\CodeIgniter->handleRequest(null, Object(Config\Cache), false)
 9 FCPATH\index.php(67): CodeIgniter\CodeIgniter->run()
ERROR - 2023-06-26 21:31:38 --> mysqli_sql_exception: Cannot add or update a child row: a foreign key constraint fails (`bd_frias_javier`.`reservas`, CONSTRAINT `reservas_ibfk_1` FOREIGN KEY (`tipo_id`) REFERENCES `tipo_reserva` (`id`)) in C:\xampp\htdocs\proyecto_friasjavier\system\Database\MySQLi\Connection.php:295
Stack trace:
#0 C:\xampp\htdocs\proyecto_friasjavier\system\Database\MySQLi\Connection.php(295): mysqli->query('INSERT INTO `re...', 0)
#1 C:\xampp\htdocs\proyecto_friasjavier\system\Database\BaseConnection.php(691): CodeIgniter\Database\MySQLi\Connection->execute('INSERT INTO `re...')
#2 C:\xampp\htdocs\proyecto_friasjavier\system\Database\BaseConnection.php(605): CodeIgniter\Database\BaseConnection->simpleQuery('INSERT INTO `re...')
#3 C:\xampp\htdocs\proyecto_friasjavier\system\Database\BaseBuilder.php(2309): CodeIgniter\Database\BaseConnection->query('INSERT INTO `re...', Array, false)
#4 C:\xampp\htdocs\proyecto_friasjavier\system\Model.php(330): CodeIgniter\Database\BaseBuilder->insert()
#5 C:\xampp\htdocs\proyecto_friasjavier\system\BaseModel.php(782): CodeIgniter\Model->doInsert(Array)
#6 C:\xampp\htdocs\proyecto_friasjavier\system\Model.php(730): CodeIgniter\BaseModel->insert(Array, true)
#7 C:\xampp\htdocs\proyecto_friasjavier\app\Controllers\Reservas_controller.php(87): CodeIgniter\Model->insert(Array)
#8 C:\xampp\htdocs\proyecto_friasjavier\system\CodeIgniter.php(934): App\Controllers\Reservas_controller->store()
#9 C:\xampp\htdocs\proyecto_friasjavier\system\CodeIgniter.php(499): CodeIgniter\CodeIgniter->runController(Object(App\Controllers\Reservas_controller))
#10 C:\xampp\htdocs\proyecto_friasjavier\system\CodeIgniter.php(368): CodeIgniter\CodeIgniter->handleRequest(NULL, Object(Config\Cache), false)
#11 C:\xampp\htdocs\proyecto_friasjavier\index.php(67): CodeIgniter\CodeIgniter->run()
#12 {main}
INFO - 2023-06-26 21:31:38 --> Session: Class initialized using 'CodeIgniter\Session\Handlers\FileHandler' driver.
INFO - 2023-06-26 22:45:12 --> Session: Class initialized using 'CodeIgniter\Session\Handlers\FileHandler' driver.
INFO - 2023-06-26 22:45:42 --> Session: Class initialized using 'CodeIgniter\Session\Handlers\FileHandler' driver.
CRITICAL - 2023-06-26 22:45:42 --> Undefined variable $tipos
in APPPATH\Views\back\reservas\crearReserva_view.php on line 22.
 1 APPPATH\Views\back\reservas\crearReserva_view.php(22): CodeIgniter\Debug\Exceptions->errorHandler(2, 'Undefined variable $tipos', 'C:\\xampp\\htdocs\\proyecto_friasjavier\\app\\Views\\back\\reservas\\crearReserva_view.php', 22)
 2 SYSTEMPATH\View\View.php(213): include('C:\\xampp\\htdocs\\proyecto_friasjavier\\app\\Views\\back\\reservas\\crearReserva_view.php')
 3 SYSTEMPATH\View\View.php(216): CodeIgniter\View\View->CodeIgniter\View\{closure}()
 4 SYSTEMPATH\Common.php(1184): CodeIgniter\View\View->render('back/reservas/crearReserva_view', [], true)
 5 APPPATH\Controllers\Reservas_controller.php(63): view('back/reservas/crearReserva_view', [...])
 6 SYSTEMPATH\CodeIgniter.php(934): App\Controllers\Reservas_controller->store()
 7 SYSTEMPATH\CodeIgniter.php(499): CodeIgniter\CodeIgniter->runController(Object(App\Controllers\Reservas_controller))
 8 SYSTEMPATH\CodeIgniter.php(368): CodeIgniter\CodeIgniter->handleRequest(null, Object(Config\Cache), false)
 9 FCPATH\index.php(67): CodeIgniter\CodeIgniter->run()
INFO - 2023-06-26 22:45:50 --> Session: Class initialized using 'CodeIgniter\Session\Handlers\FileHandler' driver.
INFO - 2023-06-26 22:46:25 --> Session: Class initialized using 'CodeIgniter\Session\Handlers\FileHandler' driver.
CRITICAL - 2023-06-26 22:46:25 --> Undefined variable $tipos
in APPPATH\Views\back\reservas\crearReserva_view.php on line 22.
 1 APPPATH\Views\back\reservas\crearReserva_view.php(22): CodeIgniter\Debug\Exceptions->errorHandler(2, 'Undefined variable $tipos', 'C:\\xampp\\htdocs\\proyecto_friasjavier\\app\\Views\\back\\reservas\\crearReserva_view.php', 22)
 2 SYSTEMPATH\View\View.php(213): include('C:\\xampp\\htdocs\\proyecto_friasjavier\\app\\Views\\back\\reservas\\crearReserva_view.php')
 3 SYSTEMPATH\View\View.php(216): CodeIgniter\View\View->CodeIgniter\View\{closure}()
 4 SYSTEMPATH\Common.php(1184): CodeIgniter\View\View->render('back/reservas/crearReserva_view', [], true)
 5 APPPATH\Controllers\Reservas_controller.php(63): view('back/reservas/crearReserva_view', [...])
 6 SYSTEMPATH\CodeIgniter.php(934): App\Controllers\Reservas_controller->store()
 7 SYSTEMPATH\CodeIgniter.php(499): CodeIgniter\CodeIgniter->runController(Object(App\Controllers\Reservas_controller))
 8 SYSTEMPATH\CodeIgniter.php(368): CodeIgniter\CodeIgniter->handleRequest(null, Object(Config\Cache), false)
 9 FCPATH\index.php(67): CodeIgniter\CodeIgniter->run()
INFO - 2023-06-26 22:46:27 --> Session: Class initialized using 'CodeIgniter\Session\Handlers\FileHandler' driver.
INFO - 2023-06-26 22:46:29 --> Session: Class initialized using 'CodeIgniter\Session\Handlers\FileHandler' driver.
INFO - 2023-06-26 22:47:01 --> Session: Class initialized using 'CodeIgniter\Session\Handlers\FileHandler' driver.
INFO - 2023-06-26 22:47:04 --> Session: Class initialized using 'CodeIgniter\Session\Handlers\FileHandler' driver.
INFO - 2023-06-26 22:47:17 --> Session: Class initialized using 'CodeIgniter\Session\Handlers\FileHandler' driver.
INFO - 2023-06-26 22:47:18 --> Session: Class initialized using 'CodeIgniter\Session\Handlers\FileHandler' driver.
